<?xml version="1.0" encoding="UTF-8"?>
<!-- Generated by org.testng.reporters.JUnitReportReporter -->
<testsuite hostname="Muthu_Raj" failures="0" tests="2" name="tests.TC021_SearchFunctionality" time="119.690" errors="0" timestamp="2025-05-04T19:12:05 IST" skipped="0">
  <testcase classname="tests.TC021_SearchFunctionality" name="verifySearchFunctionality" time="56.774"/>
  <testcase classname="tests.TC021_SearchFunctionality" name="verifySearchFunctionality" time="62.916"/>
</testsuite> <!-- tests.TC021_SearchFunctionality -->
