<?xml version="1.0" encoding="UTF-8"?>
<!-- Generated by org.testng.reporters.JUnitReportReporter -->
<testsuite hostname="Muthu_Raj" failures="0" tests="2" name="tests.TC006_SelectHotelButtons" time="13.983" errors="0" timestamp="2025-05-04T19:12:05 IST" skipped="0">
  <testcase classname="tests.TC006_SelectHotelButtons" name="testRadioButtonAndButtonsDisplayed" time="6.096"/>
  <testcase classname="tests.TC006_SelectHotelButtons" name="testRadioButtonAndButtonsDisplayed" time="7.887"/>
</testsuite> <!-- tests.TC006_SelectHotelButtons -->
