<?xml version="1.0" encoding="UTF-8"?>
<!-- Generated by org.testng.reporters.JUnitReportReporter -->
<testsuite hostname="Muthu_Raj" failures="0" tests="2" name="tests.TC004_ValidLogin" time="10.645" errors="0" timestamp="2025-05-04T19:12:05 IST" skipped="0">
  <testcase classname="tests.TC004_ValidLogin" name="testSignupButtonIsVisible" time="6.290"/>
  <testcase classname="tests.TC004_ValidLogin" name="testSignupButtonIsVisible" time="4.355"/>
</testsuite> <!-- tests.TC004_ValidLogin -->
