<?xml version="1.0" encoding="UTF-8"?>
<!-- Generated by org.testng.reporters.JUnitReportReporter -->
<testsuite hostname="Muthu_Raj" failures="0" tests="2" name="tests.TC013_BookHotel" time="30.330" errors="0" timestamp="2025-05-04T19:12:05 IST" skipped="0">
  <testcase classname="tests.TC013_BookHotel" name="testBookingWithMandatoryFields" time="14.765"/>
  <testcase classname="tests.TC013_BookHotel" name="testBookingWithMandatoryFields" time="15.565"/>
</testsuite> <!-- tests.TC013_BookHotel -->
