<?xml version="1.0" encoding="UTF-8"?>
<!-- Generated by org.testng.reporters.JUnitReportReporter -->
<testsuite hostname="Muthu_Raj" failures="0" tests="2" name="tests.TC018_VerifyAllBookingsVisible" time="66.254" errors="0" timestamp="2025-05-04T19:12:05 IST" skipped="0">
  <testcase classname="tests.TC018_VerifyAllBookingsVisible" name="verifyBookingRecordsDisplayed" time="36.974"/>
  <testcase classname="tests.TC018_VerifyAllBookingsVisible" name="verifyBookingRecordsDisplayed" time="29.280"/>
</testsuite> <!-- tests.TC018_VerifyAllBookingsVisible -->
