<?xml version="1.0" encoding="UTF-8"?>
<!-- Generated by org.testng.reporters.JUnitReportReporter -->
<testsuite hostname="Muthu_Raj" failures="0" tests="1" name="tests.TC003_LoginFunctionality" time="5.829" errors="0" timestamp="2025-04-16T14:33:01 IST" skipped="0">
  <testcase classname="tests.TC003_LoginFunctionality" name="testSignupButtonIsVisible" time="5.829"/>
</testsuite> <!-- tests.TC003_LoginFunctionality -->
