<?xml version="1.0" encoding="UTF-8"?>
<!-- Generated by org.testng.reporters.JUnitReportReporter -->
<testsuite hostname="Muthu_Raj" failures="0" tests="8" name="tests.TC003_InvalidLogin" time="37.816" errors="0" timestamp="2025-05-04T19:12:05 IST" skipped="0">
  <testcase classname="tests.TC003_InvalidLogin" name="testLogin" time="3.989"/>
  <testcase classname="tests.TC003_InvalidLogin" name="testLogin" time="3.785"/>
  <testcase classname="tests.TC003_InvalidLogin" name="testLogin" time="5.781"/>
  <testcase classname="tests.TC003_InvalidLogin" name="testLogin" time="5.301"/>
  <testcase classname="tests.TC003_InvalidLogin" name="testLogin" time="5.982"/>
  <testcase classname="tests.TC003_InvalidLogin" name="testLogin" time="4.250"/>
  <testcase classname="tests.TC003_InvalidLogin" name="testLogin" time="3.675"/>
  <testcase classname="tests.TC003_InvalidLogin" name="testLogin" time="5.053"/>
</testsuite> <!-- tests.TC003_InvalidLogin -->
