<?xml version="1.0" encoding="UTF-8"?>
<!-- Generated by org.testng.reporters.JUnitReportReporter -->
<testsuite hostname="Muthu_Raj" failures="0" tests="2" name="tests.TC024_CancelMultipleBooking" time="154.136" errors="0" timestamp="2025-05-04T19:12:05 IST" skipped="0">
  <testcase classname="tests.TC024_CancelMultipleBooking" name="testCancelSelectedButtonVisibility" time="76.125"/>
  <testcase classname="tests.TC024_CancelMultipleBooking" name="testCancelSelectedButtonVisibility" time="78.011"/>
</testsuite> <!-- tests.TC024_CancelMultipleBooking -->
