<?xml version="1.0" encoding="UTF-8"?>
<!-- Generated by org.testng.reporters.JUnitReportReporter -->
<testsuite hostname="Muthu_Raj" failures="0" tests="1" name="tests.TC015_CancelButtonInBooking" time="29.021" errors="0" timestamp="2025-04-25T21:44:34 IST" skipped="0">
  <testcase classname="tests.TC015_CancelButtonInBooking" name="verifyCancelButtonsPresent" time="29.021"/>
</testsuite> <!-- tests.TC015_CancelButtonInBooking -->
