<?xml version="1.0" encoding="UTF-8"?>
<!-- Generated by org.testng.reporters.JUnitReportReporter -->
<testsuite hostname="Muthu_Raj" failures="0" tests="2" name="tests.TC009_InputDataValidation" time="14.711" errors="0" timestamp="2025-05-04T19:12:05 IST" skipped="0">
  <testcase classname="tests.TC009_InputDataValidation" name="validateSelectedHotelDetails" time="6.445"/>
  <testcase classname="tests.TC009_InputDataValidation" name="validateSelectedHotelDetails" time="8.266"/>
</testsuite> <!-- tests.TC009_InputDataValidation -->
