<?xml version="1.0" encoding="UTF-8"?>
<!-- Generated by org.testng.reporters.JUnitReportReporter -->
<testsuite hostname="Muthu_Raj" failures="0" tests="1" name="tests.TC008_ValidatePopulatedDetails" time="9.454" errors="0" timestamp="2025-04-24T21:25:11 IST" skipped="0">
  <testcase classname="tests.TC008_ValidatePopulatedDetails" name="testPriceFieldsArePopulatedAndVisible" time="9.454"/>
</testsuite> <!-- tests.TC008_ValidatePopulatedDetails -->
