<?xml version="1.0" encoding="UTF-8"?>
<!-- Generated by org.testng.reporters.JUnitReportReporter -->
<testsuite hostname="Muthu_Raj" failures="0" tests="2" name="tests.TC011_ValidatePopulatedDetails" time="16.409" errors="0" timestamp="2025-05-04T19:12:05 IST" skipped="0">
  <testcase classname="tests.TC011_ValidatePopulatedDetails" name="testPriceFieldsArePopulatedAndVisible" time="9.958"/>
  <testcase classname="tests.TC011_ValidatePopulatedDetails" name="testPriceFieldsArePopulatedAndVisible" time="6.451"/>
</testsuite> <!-- tests.TC011_ValidatePopulatedDetails -->
