<?xml version="1.0" encoding="UTF-8"?>
<!-- Generated by org.testng.reporters.JUnitReportReporter -->
<testsuite hostname="Muthu_Raj" failures="0" tests="1" name="tests.TC007_BookHotel" time="9.868" errors="0" timestamp="2025-04-22T13:09:08 IST" skipped="0">
  <testcase classname="tests.TC007_BookHotel" name="testContinueAfterSelectingHotel" time="9.868"/>
</testsuite> <!-- tests.TC007_BookHotel -->
