<?xml version="1.0" encoding="UTF-8"?>
<!-- Generated by org.testng.reporters.JUnitReportReporter -->
<testsuite hostname="Muthu_Raj" failures="0" tests="1" name="tests.TC009_ValidatePopulatedDetails" time="7.689" errors="0" timestamp="2025-04-25T10:45:11 IST" skipped="0">
  <testcase classname="tests.TC009_ValidatePopulatedDetails" name="testPriceFieldsArePopulatedAndVisible" time="7.689"/>
</testsuite> <!-- tests.TC009_ValidatePopulatedDetails -->
