<?xml version="1.0" encoding="UTF-8"?>
<!-- Generated by org.testng.reporters.JUnitReportReporter -->
<testsuite hostname="Muthu_Raj" failures="0" tests="1" name="tests.TC010_BookHotel" time="15.420" errors="0" timestamp="2025-04-25T10:45:11 IST" skipped="0">
  <testcase classname="tests.TC010_BookHotel" name="testBookingWithMandatoryFields" time="15.420"/>
</testsuite> <!-- tests.TC010_BookHotel -->
