<?xml version="1.0" encoding="UTF-8"?>
<!-- Generated by org.testng.reporters.JUnitReportReporter -->
<testsuite hostname="Muthu_Raj" failures="0" tests="2" name="tests.TC001_LoginButtonVisibility" time="12.258" errors="0" timestamp="2025-05-04T19:12:05 IST" skipped="0">
  <testcase classname="tests.TC001_LoginButtonVisibility" name="testSignupButtonIsVisible" time="8.029"/>
  <testcase classname="tests.TC001_LoginButtonVisibility" name="testSignupButtonIsVisible" time="4.229"/>
</testsuite> <!-- tests.TC001_LoginButtonVisibility -->
