<?xml version="1.0" encoding="UTF-8"?>
<!-- Generated by org.testng.reporters.JUnitReportReporter -->
<testsuite hostname="Muthu_Raj" failures="0" tests="1" name="tests.TC009_BookHotel" time="17.918" errors="0" timestamp="2025-04-24T22:43:26 IST" skipped="0">
  <testcase classname="tests.TC009_BookHotel" name="testBookingWithMandatoryFields" time="17.918"/>
</testsuite> <!-- tests.TC009_BookHotel -->
