<?xml version="1.0" encoding="UTF-8"?>
<!-- Generated by org.testng.reporters.JUnitReportReporter -->
<testsuite hostname="Muthu_Raj" failures="0" tests="1" name="tests.TC007_InputDataValidation" time="7.068" errors="0" timestamp="2025-04-25T10:45:11 IST" skipped="0">
  <testcase classname="tests.TC007_InputDataValidation" name="validateSelectedHotelDetails" time="7.068"/>
</testsuite> <!-- tests.TC007_InputDataValidation -->
