<?xml version="1.0" encoding="UTF-8"?>
<!-- Generated by org.testng.reporters.JUnitReportReporter -->
<testsuite hostname="Muthu_Raj" failures="0" tests="2" name="tests.TC010_ValidateBookingDetails" time="15.326" errors="0" timestamp="2025-05-04T19:12:05 IST" skipped="0">
  <testcase classname="tests.TC010_ValidateBookingDetails" name="testContinueAfterSelectingHotel" time="6.659"/>
  <testcase classname="tests.TC010_ValidateBookingDetails" name="testContinueAfterSelectingHotel" time="8.667"/>
</testsuite> <!-- tests.TC010_ValidateBookingDetails -->
