<?xml version="1.0" encoding="UTF-8"?>
<!-- Generated by org.testng.reporters.JUnitReportReporter -->
<testsuite hostname="Muthu_Raj" failures="0" tests="2" name="tests.TC020_VerifyBookingCancellation" time="137.336" errors="0" timestamp="2025-05-04T19:12:05 IST" skipped="0">
  <testcase classname="tests.TC020_VerifyBookingCancellation" name="verifyBookingCancellation" time="71.594"/>
  <testcase classname="tests.TC020_VerifyBookingCancellation" name="verifyBookingCancellation" time="65.742"/>
</testsuite> <!-- tests.TC020_VerifyBookingCancellation -->
