<?xml version="1.0" encoding="UTF-8"?>
<!-- Generated by org.testng.reporters.JUnitReportReporter -->
<testsuite hostname="Muthu_Raj" failures="0" tests="2" name="tests.TC007_SelectHotelContinueButton" time="15.149" errors="0" timestamp="2025-05-04T19:12:05 IST" skipped="0">
  <testcase classname="tests.TC007_SelectHotelContinueButton" name="testContinueAfterSelectingHotel" time="6.698"/>
  <testcase classname="tests.TC007_SelectHotelContinueButton" name="testContinueAfterSelectingHotel" time="8.451"/>
</testsuite> <!-- tests.TC007_SelectHotelContinueButton -->
