<?xml version="1.0" encoding="UTF-8"?>
<!-- Generated by org.testng.reporters.JUnitReportReporter -->
<testsuite hostname="Muthu_Raj" failures="0" tests="2" name="tests.TC023_CancelBookingUsingCancelSelectedButton" time="146.089" errors="0" timestamp="2025-05-04T19:12:05 IST" skipped="0">
  <testcase classname="tests.TC023_CancelBookingUsingCancelSelectedButton" name="testCancelSelectedButtonVisibility" time="72.150"/>
  <testcase classname="tests.TC023_CancelBookingUsingCancelSelectedButton" name="testCancelSelectedButtonVisibility" time="73.939"/>
</testsuite> <!-- tests.TC023_CancelBookingUsingCancelSelectedButton -->
