<?xml version="1.0" encoding="UTF-8"?>
<!-- Generated by org.testng.reporters.JUnitReportReporter -->
<testsuite hostname="Muthu_Raj" failures="0" tests="1" name="tests.TC014_VerifyAllBookingsVisible" time="41.500" errors="0" timestamp="2025-04-25T21:34:08 IST" skipped="0">
  <testcase classname="tests.TC014_VerifyAllBookingsVisible" name="verifyBookingRecordsDisplayed" time="41.500"/>
</testsuite> <!-- tests.TC014_VerifyAllBookingsVisible -->
