<?xml version="1.0" encoding="UTF-8"?>
<!-- Generated by org.testng.reporters.JUnitReportReporter -->
<testsuite hostname="Muthu_Raj" failures="0" tests="2" name="tests.TC017_LogoutButtonFunctionality" time="32.436" errors="0" timestamp="2025-05-04T19:12:05 IST" skipped="0">
  <testcase classname="tests.TC017_LogoutButtonFunctionality" name="testLogoutButton" time="16.181"/>
  <testcase classname="tests.TC017_LogoutButtonFunctionality" name="testLogoutButton" time="16.255"/>
</testsuite> <!-- tests.TC017_LogoutButtonFunctionality -->
