<?xml version="1.0" encoding="UTF-8"?>
<!-- Generated by org.testng.reporters.JUnitReportReporter -->
<testsuite hostname="Muthu_Raj" failures="0" tests="2" name="tests.TC019_CancelButtonInBooking" time="61.660" errors="0" timestamp="2025-05-04T19:12:05 IST" skipped="0">
  <testcase classname="tests.TC019_CancelButtonInBooking" name="verifyCancelButtonsPresent" time="30.163"/>
  <testcase classname="tests.TC019_CancelButtonInBooking" name="verifyCancelButtonsPresent" time="31.497"/>
</testsuite> <!-- tests.TC019_CancelButtonInBooking -->
