<?xml version="1.0" encoding="UTF-8"?>
<!-- Generated by org.testng.reporters.JUnitReportReporter -->
<testsuite hostname="Muthu_Raj" failures="0" tests="2" name="tests.TC016_MyItineraryButton" time="53.627" errors="0" timestamp="2025-05-04T19:12:05 IST" skipped="0">
  <testcase classname="tests.TC016_MyItineraryButton" name="testMyItineraryButton" time="24.530"/>
  <testcase classname="tests.TC016_MyItineraryButton" name="testMyItineraryButton" time="29.097"/>
</testsuite> <!-- tests.TC016_MyItineraryButton -->
