<?xml version="1.0" encoding="UTF-8"?>
<!-- Generated by org.testng.reporters.JUnitReportReporter -->
<testsuite hostname="Muthu_Raj" failures="0" tests="2" name="tests.TC022_CancelSelectedButton" time="43.866" errors="0" timestamp="2025-05-04T19:12:05 IST" skipped="0">
  <testcase classname="tests.TC022_CancelSelectedButton" name="testCancelSelectedButtonVisibility" time="19.329"/>
  <testcase classname="tests.TC022_CancelSelectedButton" name="testCancelSelectedButtonVisibility" time="24.537"/>
</testsuite> <!-- tests.TC022_CancelSelectedButton -->
