<?xml version="1.0" encoding="UTF-8"?>
<!-- Generated by org.testng.reporters.JUnitReportReporter -->
<testsuite hostname="Muthu_Raj" failures="0" tests="2" name="tests.TC008_SelectHotelCancelButton" time="14.325" errors="0" timestamp="2025-05-04T19:12:05 IST" skipped="0">
  <testcase classname="tests.TC008_SelectHotelCancelButton" name="testCancelButtonFunctionality" time="7.842"/>
  <testcase classname="tests.TC008_SelectHotelCancelButton" name="testCancelButtonFunctionality" time="6.483"/>
</testsuite> <!-- tests.TC008_SelectHotelCancelButton -->
