<?xml version="1.0" encoding="UTF-8"?>
<!-- Generated by org.testng.reporters.JUnitReportReporter -->
<testsuite hostname="Muthu_Raj" failures="0" tests="1" name="tests.TC016_VerifyBookingCancellation" time="77.355" errors="0" timestamp="2025-05-01T15:37:19 IST" skipped="0">
  <testcase classname="tests.TC016_VerifyBookingCancellation" name="verifyBookingCancellation" time="77.355"/>
</testsuite> <!-- tests.TC016_VerifyBookingCancellation -->
