<?xml version="1.0" encoding="UTF-8"?>
<!-- Generated by org.testng.reporters.JUnitReportReporter -->
<testsuite hostname="Muthu_Raj" failures="0" tests="5" name="tests.TC011_BookWithEmptyField" time="302.620" errors="0" timestamp="2025-04-25T19:27:43 IST" skipped="0">
  <testcase classname="tests.TC011_BookWithEmptyField" name="validateEmptyBookingFields" time="68.823"/>
  <testcase classname="tests.TC011_BookWithEmptyField" name="validateEmptyBookingFields" time="28.347"/>
  <testcase classname="tests.TC011_BookWithEmptyField" name="validateEmptyBookingFields" time="68.244"/>
  <testcase classname="tests.TC011_BookWithEmptyField" name="validateEmptyBookingFields" time="68.146"/>
  <testcase classname="tests.TC011_BookWithEmptyField" name="validateEmptyBookingFields" time="69.060"/>
</testsuite> <!-- tests.TC011_BookWithEmptyField -->
