<?xml version="1.0" encoding="UTF-8"?>
<!-- Generated by org.testng.reporters.JUnitReportReporter -->
<testsuite hostname="Muthu_Raj" failures="0" tests="1" name="tests.TC015_SearchHotelButtonNavigation" time="16.146" errors="0" timestamp="2025-05-04T19:44:44 IST" skipped="0">
  <testcase classname="tests.TC015_SearchHotelButtonNavigation" name="testSearchHotelButton" time="16.146"/>
</testsuite> <!-- tests.TC015_SearchHotelButtonNavigation -->
