<?xml version="1.0" encoding="UTF-8"?>
<!-- Generated by org.testng.reporters.JUnitReportReporter -->
<testsuite hostname="Muthu_Raj" failures="0" tests="1" name="tests.TC013_MyItineraryButton" time="28.057" errors="0" timestamp="2025-04-25T20:21:34 IST" skipped="0">
  <testcase classname="tests.TC013_MyItineraryButton" name="testMyItineraryButton" time="28.057"/>
</testsuite> <!-- tests.TC013_MyItineraryButton -->
